請按任意鍵繼續 . . . 
請按任意鍵繼續 . . . 
rotate 0 30 0
0.866025, 0, 0.5, 0
0, 1, 0, 0
-0.5, 0, 0.866025, 0
0, 0, 0, 1

object Elon_Musk_head.obj
624012
observer 0 0 10 0 0 0 0 0.1 1000 15

M Matrix
0.866025, 0, 0.5, 0
0, 1, 0, 0
-0.5, 0, 0.866025, 0
0, 0, 0, 1

V Matrix
1, 0, 0, 0
0, 1, 0, 0
0, 0, -1, 10
0, 0, 0, 1

P Matrix
1, 0, 0, 0
0, 1, 0, 0
0, 0, 0.267976, -0.0267976
0, 0, 0.267949, 0

請按任意鍵繼續 . . . 
viewport -1 1 -1 1
display
reset
object mona.obj
63654
observer 0 100 250 0 100 0 0 0.1 1000 15

M Matrix
1, 0, 0, 0
0, 1, 0, 0
0, 0, 1, 0
0, 0, 0, 1

V Matrix
1, 0, 0, 0
0, 1, 0, -100
0, 0, -1, 250
0, 0, 0, 1

P Matrix
1, 0, 0, 0
0, 1, 0, 0
0, 0, 0.267976, -0.0267976
0, 0, 0.267949, 0

請按任意鍵繼續 . . . 
請按任意鍵繼續 . . . 
